<?xml version="1.0" encoding="UTF-8"?>
<!-- Generated by org.testng.reporters.JUnitXMLReporter -->
<testsuite hostname="Admin-PC" ignored="0" name="AutomationPractice Test Cases" tests="5" failures="1" timestamp="10 Sep 2019 17:26:41 GMT" time="67.615" errors="0">
  <testcase name="AutomationPractice_TC01" time="33.205" classname="com.automationpractice.qa.testcases.Testcases"/>
  <testcase name="AutomationPractice_TC02" time="4.604" classname="com.automationpractice.qa.testcases.Testcases"/>
  <testcase name="AutomationPractice_TC03" time="21.721" classname="com.automationpractice.qa.testcases.Testcases"/>
  <testcase name="AutomationPractice_TC04" time="5.41" classname="com.automationpractice.qa.testcases.Testcases"/>
  <testcase name="AutomationPractice_TC05" time="1.242" classname="com.automationpractice.qa.testcases.Testcases">
    <failure type="java.lang.AssertionError" message="The following asserts failed:
	Invalid email address. expected [Invalid email address.] but found [123456]">
      <![CDATA[java.lang.AssertionError: The following asserts failed:
	Invalid email address. expected [Invalid email address.] but found [123456]
	at com.automationpractice.qa.pages.AccountLoginPage.LoginFail(AccountLoginPage.java:95)
	at com.automationpractice.qa.testcases.Testcases.AutomationPractice_TC05(Testcases.java:115)
... Removed 26 stack frames]]>
    </failure>
  </testcase> <!-- AutomationPractice_TC05 -->
</testsuite> <!-- AutomationPractice Test Cases -->
