<?xml version="1.0" encoding="UTF-8"?>
<!-- Generated by org.testng.reporters.JUnitXMLReporter -->
<testsuite hostname="Admin-PC" ignored="0" name="AutomationPractice Test Cases" tests="5" failures="1" timestamp="29 Aug 2019 21:28:23 GMT" time="49.803" errors="0">
  <testcase name="AutomationPractice_TC01" time="25.578" classname="com.automationpractice.qa.testcases.Testcases"/>
  <testcase name="AutomationPractice_TC02" time="2.292" classname="com.automationpractice.qa.testcases.Testcases"/>
  <testcase name="AutomationPractice_TC03" time="17.224" classname="com.automationpractice.qa.testcases.Testcases"/>
  <testcase name="AutomationPractice_TC04" time="3.43" classname="com.automationpractice.qa.testcases.Testcases"/>
  <testcase name="AutomationPractice_TC05" time="0.232" classname="com.automationpractice.qa.testcases.Testcases">
    <failure type="java.lang.AssertionError" message="The following asserts failed:
	Invalid Email expected [false] but found [true]">
      <![CDATA[java.lang.AssertionError: The following asserts failed:
	Invalid Email expected [false] but found [true]
	at com.automationpractice.qa.pages.AccountLoginPage.LoginFail(AccountLoginPage.java:80)
	at com.automationpractice.qa.testcases.Testcases.AutomationPractice_TC05(Testcases.java:109)
... Removed 26 stack frames]]>
    </failure>
  </testcase> <!-- AutomationPractice_TC05 -->
</testsuite> <!-- AutomationPractice Test Cases -->
