<?xml version="1.0" encoding="UTF-8"?>
<!-- Generated by org.testng.reporters.JUnitXMLReporter -->
<testsuite hostname="Admin-PC" ignored="0" name="Command line test" tests="5" failures="1" timestamp="09 Sep 2019 17:39:34 GMT" time="93.24" errors="0">
  <testcase name="AutomationPractice_TC01" time="57.335" classname="com.automationpractice.qa.testcases.Testcases"/>
  <testcase name="AutomationPractice_TC02" time="3.257" classname="com.automationpractice.qa.testcases.Testcases"/>
  <testcase name="AutomationPractice_TC03" time="25.487" classname="com.automationpractice.qa.testcases.Testcases"/>
  <testcase name="AutomationPractice_TC04" time="4.83" classname="com.automationpractice.qa.testcases.Testcases"/>
  <testcase name="AutomationPractice_TC05" time="1.008" classname="com.automationpractice.qa.testcases.Testcases">
    <failure type="java.lang.AssertionError" message="The following asserts failed:
	Invalid email address. expected [Invalid email address.] but found [123456]">
      <![CDATA[java.lang.AssertionError: The following asserts failed:
	Invalid email address. expected [Invalid email address.] but found [123456]
	at com.automationpractice.qa.pages.AccountLoginPage.LoginFail(AccountLoginPage.java:95)
	at com.automationpractice.qa.testcases.Testcases.AutomationPractice_TC05(Testcases.java:115)
... Removed 35 stack frames]]>
    </failure>
  </testcase> <!-- AutomationPractice_TC05 -->
</testsuite> <!-- Command line test -->
